2015-09-18 14:56:17 Notice: Notice (8): Undefined variable: projectImagesDeleted in [/Users/amandasantanati/code/updatesolucoes/a3ambiental/src/Controller/ContractsController.php, line 71]
Trace:
Cake\Error\BaseErrorHandler::handleError() - CORE/src/Error/BaseErrorHandler.php, line 139
App\Controller\ContractsController::edit() - APP/Controller/ContractsController.php, line 71
Cake\Controller\Controller::invokeAction() - CORE/src/Controller/Controller.php, line 411
Cake\Routing\Dispatcher::_invoke() - CORE/src/Routing/Dispatcher.php, line 114
Cake\Routing\Dispatcher::dispatch() - CORE/src/Routing/Dispatcher.php, line 87
[main] - ROOT/webroot/index.php, line 37



2015-09-18 14:57:24 Notice: Notice (8): Undefined variable: customer in [/Users/amandasantanati/code/updatesolucoes/a3ambiental/src/Template/Projects/edit.ctp, line 3]
Trace:
Cake\Error\BaseErrorHandler::handleError() - CORE/src/Error/BaseErrorHandler.php, line 139
include - APP/Template/Projects/edit.ctp, line 3
Cake\View\View::_evaluate() - CORE/src/View/View.php, line 834
Cake\View\View::_render() - CORE/src/View/View.php, line 794
Cake\View\View::render() - CORE/src/View/View.php, line 465
Cake\Controller\Controller::render() - CORE/src/Controller/Controller.php, line 582
Cake\Routing\Dispatcher::_invoke() - CORE/src/Routing/Dispatcher.php, line 120
Cake\Routing\Dispatcher::dispatch() - CORE/src/Routing/Dispatcher.php, line 87
[main] - ROOT/webroot/index.php, line 37



2015-09-18 15:37:12 Notice: Notice (8): Undefined variable: projectImagesDeleted in [/Users/amandasantanati/code/updatesolucoes/a3ambiental/src/Controller/ContractsController.php, line 71]
Trace:
Cake\Error\BaseErrorHandler::handleError() - CORE/src/Error/BaseErrorHandler.php, line 139
App\Controller\ContractsController::edit() - APP/Controller/ContractsController.php, line 71
Cake\Controller\Controller::invokeAction() - CORE/src/Controller/Controller.php, line 411
Cake\Routing\Dispatcher::_invoke() - CORE/src/Routing/Dispatcher.php, line 114
Cake\Routing\Dispatcher::dispatch() - CORE/src/Routing/Dispatcher.php, line 87
[main] - ROOT/webroot/index.php, line 37



2015-09-18 15:38:05 Notice: Notice (8): Undefined variable: projectImagesDeleted in [/Users/amandasantanati/code/updatesolucoes/a3ambiental/src/Controller/ContractsController.php, line 71]
Trace:
Cake\Error\BaseErrorHandler::handleError() - CORE/src/Error/BaseErrorHandler.php, line 139
App\Controller\ContractsController::edit() - APP/Controller/ContractsController.php, line 71
Cake\Controller\Controller::invokeAction() - CORE/src/Controller/Controller.php, line 411
Cake\Routing\Dispatcher::_invoke() - CORE/src/Routing/Dispatcher.php, line 114
Cake\Routing\Dispatcher::dispatch() - CORE/src/Routing/Dispatcher.php, line 87
[main] - ROOT/webroot/index.php, line 37



2015-09-18 15:39:55 Notice: Notice (8): Undefined variable: projectImagesDeleted in [/Users/amandasantanati/code/updatesolucoes/a3ambiental/src/Controller/ContractsController.php, line 71]
Trace:
Cake\Error\BaseErrorHandler::handleError() - CORE/src/Error/BaseErrorHandler.php, line 139
App\Controller\ContractsController::edit() - APP/Controller/ContractsController.php, line 71
Cake\Controller\Controller::invokeAction() - CORE/src/Controller/Controller.php, line 411
Cake\Routing\Dispatcher::_invoke() - CORE/src/Routing/Dispatcher.php, line 114
Cake\Routing\Dispatcher::dispatch() - CORE/src/Routing/Dispatcher.php, line 87
[main] - ROOT/webroot/index.php, line 37



2015-09-18 17:30:33 Notice: Notice (8): Undefined variable: contract in [/Users/amandasantanati/code/updatesolucoes/a3ambiental/src/Template/Clients/home.ctp, line 2]
Trace:
Cake\Error\BaseErrorHandler::handleError() - CORE/src/Error/BaseErrorHandler.php, line 139
include - APP/Template/Clients/home.ctp, line 2
Cake\View\View::_evaluate() - CORE/src/View/View.php, line 834
Cake\View\View::_render() - CORE/src/View/View.php, line 794
Cake\View\View::render() - CORE/src/View/View.php, line 465
Cake\Controller\Controller::render() - CORE/src/Controller/Controller.php, line 582
Cake\Routing\Dispatcher::_invoke() - CORE/src/Routing/Dispatcher.php, line 120
Cake\Routing\Dispatcher::dispatch() - CORE/src/Routing/Dispatcher.php, line 87
[main] - ROOT/webroot/index.php, line 37



2015-09-18 17:30:33 Notice: Notice (8): Undefined variable: user in [/Users/amandasantanati/code/updatesolucoes/a3ambiental/src/Template/Clients/home.ctp, line 4]
Trace:
Cake\Error\BaseErrorHandler::handleError() - CORE/src/Error/BaseErrorHandler.php, line 139
include - APP/Template/Clients/home.ctp, line 4
Cake\View\View::_evaluate() - CORE/src/View/View.php, line 834
Cake\View\View::_render() - CORE/src/View/View.php, line 794
Cake\View\View::render() - CORE/src/View/View.php, line 465
Cake\Controller\Controller::render() - CORE/src/Controller/Controller.php, line 582
Cake\Routing\Dispatcher::_invoke() - CORE/src/Routing/Dispatcher.php, line 120
Cake\Routing\Dispatcher::dispatch() - CORE/src/Routing/Dispatcher.php, line 87
[main] - ROOT/webroot/index.php, line 37



2015-09-18 17:30:33 Notice: Notice (8): Undefined variable: authUser in [/Users/amandasantanati/code/updatesolucoes/a3ambiental/src/Template/Clients/home.ctp, line 5]
Trace:
Cake\Error\BaseErrorHandler::handleError() - CORE/src/Error/BaseErrorHandler.php, line 139
include - APP/Template/Clients/home.ctp, line 5
Cake\View\View::_evaluate() - CORE/src/View/View.php, line 834
Cake\View\View::_render() - CORE/src/View/View.php, line 794
Cake\View\View::render() - CORE/src/View/View.php, line 465
Cake\Controller\Controller::render() - CORE/src/Controller/Controller.php, line 582
Cake\Routing\Dispatcher::_invoke() - CORE/src/Routing/Dispatcher.php, line 120
Cake\Routing\Dispatcher::dispatch() - CORE/src/Routing/Dispatcher.php, line 87
[main] - ROOT/webroot/index.php, line 37



2015-09-18 19:56:07 Notice: Notice (8): Undefined variable: contract in [/Users/amandasantanati/code/updatesolucoes/a3ambiental/src/Template/Clients/home.ctp, line 2]
Trace:
Cake\Error\BaseErrorHandler::handleError() - CORE/src/Error/BaseErrorHandler.php, line 139
include - APP/Template/Clients/home.ctp, line 2
Cake\View\View::_evaluate() - CORE/src/View/View.php, line 834
Cake\View\View::_render() - CORE/src/View/View.php, line 794
Cake\View\View::render() - CORE/src/View/View.php, line 465
Cake\Controller\Controller::render() - CORE/src/Controller/Controller.php, line 582
Cake\Routing\Dispatcher::_invoke() - CORE/src/Routing/Dispatcher.php, line 120
Cake\Routing\Dispatcher::dispatch() - CORE/src/Routing/Dispatcher.php, line 87
[main] - ROOT/webroot/index.php, line 37



2015-09-18 19:56:07 Notice: Notice (8): Undefined variable: user in [/Users/amandasantanati/code/updatesolucoes/a3ambiental/src/Template/Clients/home.ctp, line 4]
Trace:
Cake\Error\BaseErrorHandler::handleError() - CORE/src/Error/BaseErrorHandler.php, line 139
include - APP/Template/Clients/home.ctp, line 4
Cake\View\View::_evaluate() - CORE/src/View/View.php, line 834
Cake\View\View::_render() - CORE/src/View/View.php, line 794
Cake\View\View::render() - CORE/src/View/View.php, line 465
Cake\Controller\Controller::render() - CORE/src/Controller/Controller.php, line 582
Cake\Routing\Dispatcher::_invoke() - CORE/src/Routing/Dispatcher.php, line 120
Cake\Routing\Dispatcher::dispatch() - CORE/src/Routing/Dispatcher.php, line 87
[main] - ROOT/webroot/index.php, line 37



2015-09-18 19:56:07 Notice: Notice (8): Undefined variable: authUser in [/Users/amandasantanati/code/updatesolucoes/a3ambiental/src/Template/Clients/home.ctp, line 5]
Trace:
Cake\Error\BaseErrorHandler::handleError() - CORE/src/Error/BaseErrorHandler.php, line 139
include - APP/Template/Clients/home.ctp, line 5
Cake\View\View::_evaluate() - CORE/src/View/View.php, line 834
Cake\View\View::_render() - CORE/src/View/View.php, line 794
Cake\View\View::render() - CORE/src/View/View.php, line 465
Cake\Controller\Controller::render() - CORE/src/Controller/Controller.php, line 582
Cake\Routing\Dispatcher::_invoke() - CORE/src/Routing/Dispatcher.php, line 120
Cake\Routing\Dispatcher::dispatch() - CORE/src/Routing/Dispatcher.php, line 87
[main] - ROOT/webroot/index.php, line 37



2015-09-20 13:49:13 Notice: Notice (8): Undefined variable: contract in [/Users/amandasantanati/code/updatesolucoes/a3ambiental/src/Template/Clients/home.ctp, line 2]
Trace:
Cake\Error\BaseErrorHandler::handleError() - CORE/src/Error/BaseErrorHandler.php, line 139
include - APP/Template/Clients/home.ctp, line 2
Cake\View\View::_evaluate() - CORE/src/View/View.php, line 834
Cake\View\View::_render() - CORE/src/View/View.php, line 794
Cake\View\View::render() - CORE/src/View/View.php, line 465
Cake\Controller\Controller::render() - CORE/src/Controller/Controller.php, line 582
Cake\Routing\Dispatcher::_invoke() - CORE/src/Routing/Dispatcher.php, line 120
Cake\Routing\Dispatcher::dispatch() - CORE/src/Routing/Dispatcher.php, line 87
[main] - ROOT/webroot/index.php, line 37



2015-09-20 13:49:13 Notice: Notice (8): Undefined variable: user in [/Users/amandasantanati/code/updatesolucoes/a3ambiental/src/Template/Clients/home.ctp, line 4]
Trace:
Cake\Error\BaseErrorHandler::handleError() - CORE/src/Error/BaseErrorHandler.php, line 139
include - APP/Template/Clients/home.ctp, line 4
Cake\View\View::_evaluate() - CORE/src/View/View.php, line 834
Cake\View\View::_render() - CORE/src/View/View.php, line 794
Cake\View\View::render() - CORE/src/View/View.php, line 465
Cake\Controller\Controller::render() - CORE/src/Controller/Controller.php, line 582
Cake\Routing\Dispatcher::_invoke() - CORE/src/Routing/Dispatcher.php, line 120
Cake\Routing\Dispatcher::dispatch() - CORE/src/Routing/Dispatcher.php, line 87
[main] - ROOT/webroot/index.php, line 37



2015-09-20 13:49:13 Notice: Notice (8): Undefined variable: authUser in [/Users/amandasantanati/code/updatesolucoes/a3ambiental/src/Template/Clients/home.ctp, line 5]
Trace:
Cake\Error\BaseErrorHandler::handleError() - CORE/src/Error/BaseErrorHandler.php, line 139
include - APP/Template/Clients/home.ctp, line 5
Cake\View\View::_evaluate() - CORE/src/View/View.php, line 834
Cake\View\View::_render() - CORE/src/View/View.php, line 794
Cake\View\View::render() - CORE/src/View/View.php, line 465
Cake\Controller\Controller::render() - CORE/src/Controller/Controller.php, line 582
Cake\Routing\Dispatcher::_invoke() - CORE/src/Routing/Dispatcher.php, line 120
Cake\Routing\Dispatcher::dispatch() - CORE/src/Routing/Dispatcher.php, line 87
[main] - ROOT/webroot/index.php, line 37



2015-09-20 23:08:41 Notice: Notice (8): Trying to get property of non-object in [/Users/amandasantanati/code/updatesolucoes/a3ambiental/src/Controller/ClientsController.php, line 73]
Trace:
Cake\Error\BaseErrorHandler::handleError() - CORE/src/Error/BaseErrorHandler.php, line 139
App\Controller\ClientsController::home() - APP/Controller/ClientsController.php, line 73
Cake\Controller\Controller::invokeAction() - CORE/src/Controller/Controller.php, line 411
Cake\Routing\Dispatcher::_invoke() - CORE/src/Routing/Dispatcher.php, line 114
Cake\Routing\Dispatcher::dispatch() - CORE/src/Routing/Dispatcher.php, line 87
[main] - ROOT/webroot/index.php, line 37



2015-09-20 23:34:03 Notice: Notice (8): Undefined variable: image_id in [/Users/amandasantanati/code/updatesolucoes/a3ambiental/src/Controller/ClientsController.php, line 99]
Trace:
Cake\Error\BaseErrorHandler::handleError() - CORE/src/Error/BaseErrorHandler.php, line 139
App\Controller\ClientsController::download() - APP/Controller/ClientsController.php, line 99
Cake\Controller\Controller::invokeAction() - CORE/src/Controller/Controller.php, line 411
Cake\Routing\Dispatcher::_invoke() - CORE/src/Routing/Dispatcher.php, line 114
Cake\Routing\Dispatcher::dispatch() - CORE/src/Routing/Dispatcher.php, line 87
[main] - ROOT/webroot/index.php, line 37



2015-09-20 23:34:55 Notice: Notice (8): Undefined variable: id in [/Users/amandasantanati/code/updatesolucoes/a3ambiental/src/Controller/ClientsController.php, line 99]
Trace:
Cake\Error\BaseErrorHandler::handleError() - CORE/src/Error/BaseErrorHandler.php, line 139
App\Controller\ClientsController::download() - APP/Controller/ClientsController.php, line 99
Cake\Controller\Controller::invokeAction() - CORE/src/Controller/Controller.php, line 411
Cake\Routing\Dispatcher::_invoke() - CORE/src/Routing/Dispatcher.php, line 114
Cake\Routing\Dispatcher::dispatch() - CORE/src/Routing/Dispatcher.php, line 87
[main] - ROOT/webroot/index.php, line 37



2015-09-20 23:35:22 Notice: Notice (8): Undefined variable: id in [/Users/amandasantanati/code/updatesolucoes/a3ambiental/src/Controller/ClientsController.php, line 99]
Trace:
Cake\Error\BaseErrorHandler::handleError() - CORE/src/Error/BaseErrorHandler.php, line 139
App\Controller\ClientsController::download() - APP/Controller/ClientsController.php, line 99
Cake\Controller\Controller::invokeAction() - CORE/src/Controller/Controller.php, line 411
Cake\Routing\Dispatcher::_invoke() - CORE/src/Routing/Dispatcher.php, line 114
Cake\Routing\Dispatcher::dispatch() - CORE/src/Routing/Dispatcher.php, line 87
[main] - ROOT/webroot/index.php, line 37



2015-09-20 23:36:35 Notice: Notice (8): Undefined variable: id in [/Users/amandasantanati/code/updatesolucoes/a3ambiental/src/Controller/ClientsController.php, line 99]
Trace:
Cake\Error\BaseErrorHandler::handleError() - CORE/src/Error/BaseErrorHandler.php, line 139
App\Controller\ClientsController::download() - APP/Controller/ClientsController.php, line 99
Cake\Controller\Controller::invokeAction() - CORE/src/Controller/Controller.php, line 411
Cake\Routing\Dispatcher::_invoke() - CORE/src/Routing/Dispatcher.php, line 114
Cake\Routing\Dispatcher::dispatch() - CORE/src/Routing/Dispatcher.php, line 87
[main] - ROOT/webroot/index.php, line 37



2015-09-20 23:40:50 Notice: Strict (2048): Non-static method App\Model\Table\ContractsTable::getContractImageById() should not be called statically, assuming $this from incompatible context in [/Users/amandasantanati/code/updatesolucoes/a3ambiental/src/Controller/ClientsController.php, line 99]
Trace:
Cake\Error\BaseErrorHandler::handleError() - CORE/src/Error/BaseErrorHandler.php, line 139
App\Controller\ClientsController::download() - APP/Controller/ClientsController.php, line 99
Cake\Controller\Controller::invokeAction() - CORE/src/Controller/Controller.php, line 411
Cake\Routing\Dispatcher::_invoke() - CORE/src/Routing/Dispatcher.php, line 114
Cake\Routing\Dispatcher::dispatch() - CORE/src/Routing/Dispatcher.php, line 87
[main] - ROOT/webroot/index.php, line 37



2015-09-20 23:40:50 Notice: Notice (8): Undefined variable: id in [/Users/amandasantanati/code/updatesolucoes/a3ambiental/src/Controller/ClientsController.php, line 99]
Trace:
Cake\Error\BaseErrorHandler::handleError() - CORE/src/Error/BaseErrorHandler.php, line 139
App\Controller\ClientsController::download() - APP/Controller/ClientsController.php, line 99
Cake\Controller\Controller::invokeAction() - CORE/src/Controller/Controller.php, line 411
Cake\Routing\Dispatcher::_invoke() - CORE/src/Routing/Dispatcher.php, line 114
Cake\Routing\Dispatcher::dispatch() - CORE/src/Routing/Dispatcher.php, line 87
[main] - ROOT/webroot/index.php, line 37



2015-09-20 23:41:24 Notice: Strict (2048): Non-static method App\Model\Table\ContractsTable::getContractImageById() should not be called statically, assuming $this from incompatible context in [/Users/amandasantanati/code/updatesolucoes/a3ambiental/src/Controller/ClientsController.php, line 99]
Trace:
Cake\Error\BaseErrorHandler::handleError() - CORE/src/Error/BaseErrorHandler.php, line 139
App\Controller\ClientsController::download() - APP/Controller/ClientsController.php, line 99
Cake\Controller\Controller::invokeAction() - CORE/src/Controller/Controller.php, line 411
Cake\Routing\Dispatcher::_invoke() - CORE/src/Routing/Dispatcher.php, line 114
Cake\Routing\Dispatcher::dispatch() - CORE/src/Routing/Dispatcher.php, line 87
[main] - ROOT/webroot/index.php, line 37



2015-09-20 23:41:24 Notice: Notice (8): Undefined variable: id in [/Users/amandasantanati/code/updatesolucoes/a3ambiental/src/Controller/ClientsController.php, line 99]
Trace:
Cake\Error\BaseErrorHandler::handleError() - CORE/src/Error/BaseErrorHandler.php, line 139
App\Controller\ClientsController::download() - APP/Controller/ClientsController.php, line 99
Cake\Controller\Controller::invokeAction() - CORE/src/Controller/Controller.php, line 411
Cake\Routing\Dispatcher::_invoke() - CORE/src/Routing/Dispatcher.php, line 114
Cake\Routing\Dispatcher::dispatch() - CORE/src/Routing/Dispatcher.php, line 87
[main] - ROOT/webroot/index.php, line 37



2015-09-20 23:43:07 Notice: Notice (8): Undefined variable: id in [/Users/amandasantanati/code/updatesolucoes/a3ambiental/src/Controller/ClientsController.php, line 99]
Trace:
Cake\Error\BaseErrorHandler::handleError() - CORE/src/Error/BaseErrorHandler.php, line 139
App\Controller\ClientsController::download() - APP/Controller/ClientsController.php, line 99
Cake\Controller\Controller::invokeAction() - CORE/src/Controller/Controller.php, line 411
Cake\Routing\Dispatcher::_invoke() - CORE/src/Routing/Dispatcher.php, line 114
Cake\Routing\Dispatcher::dispatch() - CORE/src/Routing/Dispatcher.php, line 87
[main] - ROOT/webroot/index.php, line 37



2015-09-20 23:43:19 Notice: Notice (8): Undefined variable: id in [/Users/amandasantanati/code/updatesolucoes/a3ambiental/src/Controller/ClientsController.php, line 99]
Trace:
Cake\Error\BaseErrorHandler::handleError() - CORE/src/Error/BaseErrorHandler.php, line 139
App\Controller\ClientsController::download() - APP/Controller/ClientsController.php, line 99
Cake\Controller\Controller::invokeAction() - CORE/src/Controller/Controller.php, line 411
Cake\Routing\Dispatcher::_invoke() - CORE/src/Routing/Dispatcher.php, line 114
Cake\Routing\Dispatcher::dispatch() - CORE/src/Routing/Dispatcher.php, line 87
[main] - ROOT/webroot/index.php, line 37



2015-09-20 23:43:19 Notice: Notice (8): Undefined variable: client in [/Users/amandasantanati/code/updatesolucoes/a3ambiental/src/Controller/ClientsController.php, line 100]
Trace:
Cake\Error\BaseErrorHandler::handleError() - CORE/src/Error/BaseErrorHandler.php, line 139
App\Controller\ClientsController::download() - APP/Controller/ClientsController.php, line 100
Cake\Controller\Controller::invokeAction() - CORE/src/Controller/Controller.php, line 411
Cake\Routing\Dispatcher::_invoke() - CORE/src/Routing/Dispatcher.php, line 114
Cake\Routing\Dispatcher::dispatch() - CORE/src/Routing/Dispatcher.php, line 87
[main] - ROOT/webroot/index.php, line 37



2015-09-20 23:47:11 Notice: Notice (8): Undefined variable: id in [/Users/amandasantanati/code/updatesolucoes/a3ambiental/src/Controller/ClientsController.php, line 98]
Trace:
Cake\Error\BaseErrorHandler::handleError() - CORE/src/Error/BaseErrorHandler.php, line 139
App\Controller\ClientsController::download() - APP/Controller/ClientsController.php, line 98
Cake\Controller\Controller::invokeAction() - CORE/src/Controller/Controller.php, line 411
Cake\Routing\Dispatcher::_invoke() - CORE/src/Routing/Dispatcher.php, line 114
Cake\Routing\Dispatcher::dispatch() - CORE/src/Routing/Dispatcher.php, line 87
[main] - ROOT/webroot/index.php, line 37



2015-09-20 23:47:11 Notice: Notice (8): Undefined variable: authUser in [/Users/amandasantanati/code/updatesolucoes/a3ambiental/src/Controller/ClientsController.php, line 99]
Trace:
Cake\Error\BaseErrorHandler::handleError() - CORE/src/Error/BaseErrorHandler.php, line 139
App\Controller\ClientsController::download() - APP/Controller/ClientsController.php, line 99
Cake\Controller\Controller::invokeAction() - CORE/src/Controller/Controller.php, line 411
Cake\Routing\Dispatcher::_invoke() - CORE/src/Routing/Dispatcher.php, line 114
Cake\Routing\Dispatcher::dispatch() - CORE/src/Routing/Dispatcher.php, line 87
[main] - ROOT/webroot/index.php, line 37



2015-09-20 23:47:11 Notice: Notice (8): Undefined variable: client in [/Users/amandasantanati/code/updatesolucoes/a3ambiental/src/Controller/ClientsController.php, line 100]
Trace:
Cake\Error\BaseErrorHandler::handleError() - CORE/src/Error/BaseErrorHandler.php, line 139
App\Controller\ClientsController::download() - APP/Controller/ClientsController.php, line 100
Cake\Controller\Controller::invokeAction() - CORE/src/Controller/Controller.php, line 411
Cake\Routing\Dispatcher::_invoke() - CORE/src/Routing/Dispatcher.php, line 114
Cake\Routing\Dispatcher::dispatch() - CORE/src/Routing/Dispatcher.php, line 87
[main] - ROOT/webroot/index.php, line 37



2015-09-20 23:49:33 Notice: Notice (8): Undefined variable: id in [/Users/amandasantanati/code/updatesolucoes/a3ambiental/src/Controller/ClientsController.php, line 99]
Trace:
Cake\Error\BaseErrorHandler::handleError() - CORE/src/Error/BaseErrorHandler.php, line 139
App\Controller\ClientsController::download() - APP/Controller/ClientsController.php, line 99
Cake\Controller\Controller::invokeAction() - CORE/src/Controller/Controller.php, line 411
Cake\Routing\Dispatcher::_invoke() - CORE/src/Routing/Dispatcher.php, line 114
Cake\Routing\Dispatcher::dispatch() - CORE/src/Routing/Dispatcher.php, line 87
[main] - ROOT/webroot/index.php, line 37



2015-09-20 23:53:43 Notice: Strict (2048): Non-static method App\Model\Table\ContractsTable::getContractImageById() should not be called statically, assuming $this from incompatible context in [/Users/amandasantanati/code/updatesolucoes/a3ambiental/src/Controller/ClientsController.php, line 101]
Trace:
Cake\Error\BaseErrorHandler::handleError() - CORE/src/Error/BaseErrorHandler.php, line 139
App\Controller\ClientsController::download() - APP/Controller/ClientsController.php, line 101
Cake\Controller\Controller::invokeAction() - CORE/src/Controller/Controller.php, line 411
Cake\Routing\Dispatcher::_invoke() - CORE/src/Routing/Dispatcher.php, line 114
Cake\Routing\Dispatcher::dispatch() - CORE/src/Routing/Dispatcher.php, line 87
[main] - ROOT/webroot/index.php, line 37



2015-09-20 23:54:27 Notice: Strict (2048): Non-static method App\Model\Table\ContractsTable::getContractImageById() should not be called statically, assuming $this from incompatible context in [/Users/amandasantanati/code/updatesolucoes/a3ambiental/src/Controller/ClientsController.php, line 101]
Trace:
Cake\Error\BaseErrorHandler::handleError() - CORE/src/Error/BaseErrorHandler.php, line 139
App\Controller\ClientsController::download() - APP/Controller/ClientsController.php, line 101
Cake\Controller\Controller::invokeAction() - CORE/src/Controller/Controller.php, line 411
Cake\Routing\Dispatcher::_invoke() - CORE/src/Routing/Dispatcher.php, line 114
Cake\Routing\Dispatcher::dispatch() - CORE/src/Routing/Dispatcher.php, line 87
[main] - ROOT/webroot/index.php, line 37



2015-09-20 23:58:44 Notice: Notice (8): Trying to get property of non-object in [/Users/amandasantanati/code/updatesolucoes/a3ambiental/src/Controller/ClientsController.php, line 102]
Trace:
Cake\Error\BaseErrorHandler::handleError() - CORE/src/Error/BaseErrorHandler.php, line 139
App\Controller\ClientsController::download() - APP/Controller/ClientsController.php, line 102
Cake\Controller\Controller::invokeAction() - CORE/src/Controller/Controller.php, line 411
Cake\Routing\Dispatcher::_invoke() - CORE/src/Routing/Dispatcher.php, line 114
Cake\Routing\Dispatcher::dispatch() - CORE/src/Routing/Dispatcher.php, line 87
[main] - ROOT/webroot/index.php, line 37



2015-09-20 23:58:50 Notice: Notice (8): Trying to get property of non-object in [/Users/amandasantanati/code/updatesolucoes/a3ambiental/src/Controller/ClientsController.php, line 102]
Trace:
Cake\Error\BaseErrorHandler::handleError() - CORE/src/Error/BaseErrorHandler.php, line 139
App\Controller\ClientsController::download() - APP/Controller/ClientsController.php, line 102
Cake\Controller\Controller::invokeAction() - CORE/src/Controller/Controller.php, line 411
Cake\Routing\Dispatcher::_invoke() - CORE/src/Routing/Dispatcher.php, line 114
Cake\Routing\Dispatcher::dispatch() - CORE/src/Routing/Dispatcher.php, line 87
[main] - ROOT/webroot/index.php, line 37



2015-09-20 23:59:26 Notice: Notice (8): Trying to get property of non-object in [/Users/amandasantanati/code/updatesolucoes/a3ambiental/src/Controller/ClientsController.php, line 102]
Trace:
Cake\Error\BaseErrorHandler::handleError() - CORE/src/Error/BaseErrorHandler.php, line 139
App\Controller\ClientsController::download() - APP/Controller/ClientsController.php, line 102
Cake\Controller\Controller::invokeAction() - CORE/src/Controller/Controller.php, line 411
Cake\Routing\Dispatcher::_invoke() - CORE/src/Routing/Dispatcher.php, line 114
Cake\Routing\Dispatcher::dispatch() - CORE/src/Routing/Dispatcher.php, line 87
[main] - ROOT/webroot/index.php, line 37



2015-09-21 00:00:15 Notice: Notice (8): Trying to get property of non-object in [/Users/amandasantanati/code/updatesolucoes/a3ambiental/src/Controller/ClientsController.php, line 102]
Trace:
Cake\Error\BaseErrorHandler::handleError() - CORE/src/Error/BaseErrorHandler.php, line 139
App\Controller\ClientsController::download() - APP/Controller/ClientsController.php, line 102
Cake\Controller\Controller::invokeAction() - CORE/src/Controller/Controller.php, line 411
Cake\Routing\Dispatcher::_invoke() - CORE/src/Routing/Dispatcher.php, line 114
Cake\Routing\Dispatcher::dispatch() - CORE/src/Routing/Dispatcher.php, line 87
[main] - ROOT/webroot/index.php, line 37



2015-09-21 00:09:25 Notice: Notice (8): Undefined variable: contract_image in [/Users/amandasantanati/code/updatesolucoes/a3ambiental/src/Controller/ClientsController.php, line 109]
Trace:
Cake\Error\BaseErrorHandler::handleError() - CORE/src/Error/BaseErrorHandler.php, line 139
App\Controller\ClientsController::download() - APP/Controller/ClientsController.php, line 109
Cake\Controller\Controller::invokeAction() - CORE/src/Controller/Controller.php, line 411
Cake\Routing\Dispatcher::_invoke() - CORE/src/Routing/Dispatcher.php, line 114
Cake\Routing\Dispatcher::dispatch() - CORE/src/Routing/Dispatcher.php, line 87
[main] - ROOT/webroot/index.php, line 37



2015-09-21 00:09:44 Notice: Notice (8): Undefined variable: contract_image in [/Users/amandasantanati/code/updatesolucoes/a3ambiental/src/Controller/ClientsController.php, line 109]
Trace:
Cake\Error\BaseErrorHandler::handleError() - CORE/src/Error/BaseErrorHandler.php, line 139
App\Controller\ClientsController::download() - APP/Controller/ClientsController.php, line 109
Cake\Controller\Controller::invokeAction() - CORE/src/Controller/Controller.php, line 411
Cake\Routing\Dispatcher::_invoke() - CORE/src/Routing/Dispatcher.php, line 114
Cake\Routing\Dispatcher::dispatch() - CORE/src/Routing/Dispatcher.php, line 87
[main] - ROOT/webroot/index.php, line 37



2015-09-26 14:13:12 Notice: Notice (8): Undefined variable: contact in [/Users/amandasantanati/code/updatesolucoes/a3ambiental/src/Template/Frontend/home.ctp, line 70]
Trace:
Cake\Error\BaseErrorHandler::handleError() - CORE/src/Error/BaseErrorHandler.php, line 139
include - APP/Template/Frontend/home.ctp, line 70
Cake\View\View::_evaluate() - CORE/src/View/View.php, line 834
Cake\View\View::_render() - CORE/src/View/View.php, line 794
Cake\View\View::render() - CORE/src/View/View.php, line 465
Cake\Controller\Controller::render() - CORE/src/Controller/Controller.php, line 582
Cake\Routing\Dispatcher::_invoke() - CORE/src/Routing/Dispatcher.php, line 120
Cake\Routing\Dispatcher::dispatch() - CORE/src/Routing/Dispatcher.php, line 87
[main] - ROOT/webroot/index.php, line 37



2015-09-26 14:14:24 Notice: Notice (8): Undefined variable: contact in [/Users/amandasantanati/code/updatesolucoes/a3ambiental/src/Template/Frontend/home.ctp, line 70]
Trace:
Cake\Error\BaseErrorHandler::handleError() - CORE/src/Error/BaseErrorHandler.php, line 139
include - APP/Template/Frontend/home.ctp, line 70
Cake\View\View::_evaluate() - CORE/src/View/View.php, line 834
Cake\View\View::_render() - CORE/src/View/View.php, line 794
Cake\View\View::render() - CORE/src/View/View.php, line 465
Cake\Controller\Controller::render() - CORE/src/Controller/Controller.php, line 582
Cake\Routing\Dispatcher::_invoke() - CORE/src/Routing/Dispatcher.php, line 120
Cake\Routing\Dispatcher::dispatch() - CORE/src/Routing/Dispatcher.php, line 87
[main] - ROOT/webroot/index.php, line 37



2015-09-26 14:19:19 Notice: Notice (8): Undefined variable: contact in [/Users/amandasantanati/code/updatesolucoes/a3ambiental/src/Controller/FrontendController.php, line 46]
Trace:
Cake\Error\BaseErrorHandler::handleError() - CORE/src/Error/BaseErrorHandler.php, line 139
App\Controller\FrontendController::home() - APP/Controller/FrontendController.php, line 46
Cake\Controller\Controller::invokeAction() - CORE/src/Controller/Controller.php, line 411
Cake\Routing\Dispatcher::_invoke() - CORE/src/Routing/Dispatcher.php, line 114
Cake\Routing\Dispatcher::dispatch() - CORE/src/Routing/Dispatcher.php, line 87
[main] - ROOT/webroot/index.php, line 37



